빌드 시작: 2017-10-02 오후 6:22:22
     1>2 노드의 "C:\Users\Serena159\Desktop\PoC\PoC\PoC.vcxproj" 프로젝트(Rebuild 대상)입니다.
     1>_MASM:
         Assembling syscall.asm...
         cmd.exe /C "C:\Users\Serena159\AppData\Local\Temp\tmpdcb3afec8c2142fa994e8abf40cfdb28.cmd"
         ml.exe /c /nologo /Zi /Fo"Debug\syscall.obj" /W3 /errorReport:prompt  /Tasyscall.asm
     1>syscall.asm(5): error A2013: .MODEL must precede this directive
     1>syscall.asm(7): error A2013: .MODEL must precede this directive
     1>syscall.asm(8): error A2034: must be in segment block : asmSyscall
     1>syscall.asm(9): error A2034: must be in segment block
     1>syscall.asm(10): error A2034: must be in segment block
     1>syscall.asm(11): error A2034: must be in segment block
     1>syscall.asm(12): error A2034: must be in segment block
     1>syscall.asm(13): error A2034: must be in segment block
     1>syscall.asm(14): error A2034: must be in segment block
     1>syscall.asm(15): error A2034: must be in segment block
     1>syscall.asm(16): error A2034: must be in segment block
     1>syscall.asm(17): error A2034: must be in segment block
     1>syscall.asm(18): error A2034: must be in segment block
     1>syscall.asm(19): error A2034: must be in segment block
     1>syscall.asm(20): error A2034: must be in segment block
     1>syscall.asm(21): error A2034: must be in segment block
     1>syscall.asm(22): error A2034: must be in segment block
     1>syscall.asm(23): error A2034: must be in segment block
     1>syscall.asm(24): error A2034: must be in segment block
     1>syscall.asm(25): error A2034: must be in segment block
     1>syscall.asm(26): error A2034: must be in segment block
     1>syscall.asm(27): error A2034: must be in segment block
     1>syscall.asm(28): error A2034: must be in segment block
     1>syscall.asm(29): error A2034: must be in segment block
     1>syscall.asm(30): error A2034: must be in segment block
     1>syscall.asm(31): error A2034: must be in segment block
     1>syscall.asm(32): error A2034: must be in segment block
     1>syscall.asm(33): error A2034: must be in segment block
     1>syscall.asm(34): error A2034: must be in segment block
     1>syscall.asm(35): error A2034: must be in segment block
     1>syscall.asm(36): error A2034: must be in segment block
     1>syscall.asm(37): error A2034: must be in segment block
     1>syscall.asm(38): error A2034: must be in segment block
     1>syscall.asm(39): error A2034: must be in segment block
     1>syscall.asm(40): error A2034: must be in segment block
     1>syscall.asm(41): error A2034: must be in segment block
     1>syscall.asm(42): error A2034: must be in segment block
     1>syscall.asm(43): error A2034: must be in segment block
     1>syscall.asm(44): error A2034: must be in segment block
     1>syscall.asm(45): fatal error A1010: unmatched block nesting : asmSyscall
     1>C:\Program Files (x86)\MSBuild\Microsoft.Cpp\v4.0\V120\BuildCustomizations\masm.targets(50,5): error MSB3721: "ml.exe /c /nologo /Zi /Fo"Debug\syscall.obj" /W3 /errorReport:prompt  /Tasyscall.asm" 명령이 종료되었습니다(코드: 1).
     1>"C:\Users\Serena159\Desktop\PoC\PoC\PoC.vcxproj" 프로젝트를 빌드했습니다(Rebuild 대상). - 실패

빌드하지 못했습니다.

경과 시간: 00:00:00.12
